======================================================================
PERCEPTION VARIABILITY SWEEP: TAXINET
Trajectories: 100, Length: 20, Seed: 42
Sampler budget (K): 500, varying K_samples: 100
======================================================================
States: 16, Actions: 3, Observations: 16

Generating shared trajectories...
  [1/100] varying_max=0.3213  fixed_max=0.3821  (21.1s)
  [5/100] varying_max=0.2301  fixed_max=1.0000  (74.8s)
  [10/100] varying_max=0.1242  fixed_max=0.1803  (142.3s)
  [15/100] varying_max=0.5877  fixed_max=0.6918  (209.9s)
  [20/100] varying_max=0.1601  fixed_max=0.2349  (293.8s)
  [25/100] varying_max=0.0666  fixed_max=0.1368  (374.5s)
  [30/100] varying_max=0.7997  fixed_max=0.9940  (447.9s)
  [35/100] varying_max=0.9999  fixed_max=1.0000  (510.5s)
  [40/100] varying_max=0.3748  fixed_max=0.4394  (589.7s)
  [45/100] varying_max=0.0778  fixed_max=0.1408  (686.5s)
  [50/100] varying_max=0.9927  fixed_max=0.9830  (762.8s)
  [55/100] varying_max=0.3385  fixed_max=0.4373  (824.9s)
  [60/100] varying_max=0.0707  fixed_max=0.0875  (881.4s)
  [65/100] varying_max=0.0569  fixed_max=0.1088  (944.5s)
  [70/100] varying_max=0.0529  fixed_max=0.0658  (1011.4s)
  [75/100] varying_max=0.4002  fixed_max=0.4771  (1099.1s)
  [80/100] varying_max=0.1314  fixed_max=0.1831  (1188.6s)
  [85/100] varying_max=0.5602  fixed_max=0.6072  (1282.5s)
  [90/100] varying_max=0.0799  fixed_max=0.1452  (1361.7s)
  [95/100] varying_max=0.2947  fixed_max=0.5554  (1444.5s)
  [100/100] varying_max=0.4053  fixed_max=0.4590  (1525.9s)

Total evaluation time: 1525.9s

Results saved to results/final/perception_variability/perception_variability_taxinet_results.json
Plot saved to results/final/perception_variability/figures/perception_variability_taxinet.png

--- Overall max safe gap to LFP ---
               varying: mean=0.2862  std=0.2549  median=0.1931
     fixed_realization: mean=0.3529  std=0.2648  median=0.2575
